<?xml version="1.0" encoding="UTF-8"?>
<testsuite name="com.utn.apiRest.ApiRestApplicationTests" tests="1" skipped="0" failures="0" errors="0" timestamp="2023-10-04T21:14:35" hostname="LAPTOP-85DT5AC8" time="1.522">
  <properties/>
  <testcase name="contextLoads()" classname="com.utn.apiRest.ApiRestApplicationTests" time="1.522"/>
  <system-out><![CDATA[18:14:21.712 [Test worker] INFO org.springframework.test.context.support.AnnotationConfigContextLoaderUtils -- Could not detect default configuration classes for test class [com.utn.apiRest.ApiRestApplicationTests]: ApiRestApplicationTests does not declare any static, non-private, non-final, nested classes annotated with @Configuration.
18:14:22.047 [Test worker] INFO org.springframework.boot.test.context.SpringBootTestContextBootstrapper -- Found @SpringBootConfiguration com.utn.apiRest.ApiRestApplication for test class com.utn.apiRest.ApiRestApplicationTests

  .   ____          _            __ _ _
 /\\ / ___'_ __ _ _(_)_ __  __ _ \ \ \ \
( ( )\___ | '_ | '_| | '_ \/ _` | \ \ \ \
 \\/  ___)| |_)| | | | | || (_| |  ) ) ) )
  '  |____| .__|_| |_|_| |_\__, | / / / /
 =========|_|==============|___/=/_/_/_/
 :: Spring Boot ::                (v3.1.4)

2023-10-04T18:14:23.023-03:00  INFO 12772 --- [    Test worker] c.utn.apiRest.ApiRestApplicationTests    : Starting ApiRestApplicationTests using Java 17.0.8 with PID 12772 (started by carli in C:\Users\carli\OneDrive\Escritorio\Prueba\Charly\TP\DesarrolloDeSoftware-main\DesarrolloDeSoftware-main\apiRest)
2023-10-04T18:14:23.026-03:00  INFO 12772 --- [    Test worker] c.utn.apiRest.ApiRestApplicationTests    : No active profile set, falling back to 1 default profile: "default"
2023-10-04T18:14:24.904-03:00  INFO 12772 --- [    Test worker] .s.d.r.c.RepositoryConfigurationDelegate : Bootstrapping Spring Data JPA repositories in DEFAULT mode.
2023-10-04T18:14:25.060-03:00  INFO 12772 --- [    Test worker] .s.d.r.c.RepositoryConfigurationDelegate : Finished Spring Data repository scanning in 138 ms. Found 4 JPA repository interfaces.
2023-10-04T18:14:26.175-03:00  INFO 12772 --- [    Test worker] o.hibernate.jpa.internal.util.LogHelper  : HHH000204: Processing PersistenceUnitInfo [name: default]
2023-10-04T18:14:26.278-03:00  INFO 12772 --- [    Test worker] org.hibernate.Version                    : HHH000412: Hibernate ORM core version 6.2.9.Final
2023-10-04T18:14:26.283-03:00  INFO 12772 --- [    Test worker] org.hibernate.cfg.Environment            : HHH000406: Using bytecode reflection optimizer
2023-10-04T18:14:26.528-03:00  INFO 12772 --- [    Test worker] o.h.e.boot.internal.EnversServiceImpl    : Envers integration enabled? : true
2023-10-04T18:14:26.565-03:00  INFO 12772 --- [    Test worker] o.h.b.i.BytecodeProviderInitiator        : HHH000021: Bytecode provider name : bytebuddy
2023-10-04T18:14:26.932-03:00  INFO 12772 --- [    Test worker] o.s.o.j.p.SpringPersistenceUnitInfo      : No LoadTimeWeaver setup: ignoring JPA class transformer
2023-10-04T18:14:26.976-03:00  INFO 12772 --- [    Test worker] com.zaxxer.hikari.HikariDataSource       : HikariPool-1 - Starting...
2023-10-04T18:14:27.379-03:00  INFO 12772 --- [    Test worker] com.zaxxer.hikari.pool.HikariPool        : HikariPool-1 - Added connection conn0: url=jdbc:h2:mem:./betodb user=SA
2023-10-04T18:14:27.382-03:00  INFO 12772 --- [    Test worker] com.zaxxer.hikari.HikariDataSource       : HikariPool-1 - Start completed.
2023-10-04T18:14:28.156-03:00  INFO 12772 --- [    Test worker] o.h.e.c.i.m.AuditMetadataGenerator       : Adding properties for entity: com.utn.apiRest.entidades.Libro
2023-10-04T18:14:28.162-03:00  INFO 12772 --- [    Test worker] o.h.e.c.i.m.AuditMetadataGenerator       : Adding properties for entity: com.utn.apiRest.entidades.Domicilio
2023-10-04T18:14:28.163-03:00  INFO 12772 --- [    Test worker] o.h.e.c.i.m.AuditMetadataGenerator       : Adding properties for entity: com.utn.apiRest.entidades.Localidad
2023-10-04T18:14:28.164-03:00  INFO 12772 --- [    Test worker] o.h.e.c.i.m.AuditMetadataGenerator       : Adding properties for entity: com.utn.apiRest.entidades.Persona
2023-10-04T18:14:28.165-03:00  INFO 12772 --- [    Test worker] o.h.e.c.i.m.AuditMetadataGenerator       : Adding properties for entity: com.utn.apiRest.entidades.Autor
2023-10-04T18:14:28.191-03:00  INFO 12772 --- [    Test worker] .e.b.i.AdditionalJaxbMappingProducerImpl : Adding JAXB document mapping
2023-10-04T18:14:28.801-03:00  INFO 12772 --- [    Test worker] org.hibernate.envers.boot                : HHH90005601: Envers-generated HBM mapping...
<?xml version="1.0" encoding="UTF-8" standalone="yes"?>
<hibernate-mapping auto-import="false" xmlns="http://www.hibernate.org/xsd/orm/hbm">
    <class discriminator-value="Libro" table="libro_AUD" entity-name="com.utn.apiRest.entidades.Libro_AUD" abstract="false">
        <composite-id name="originalId">
            <key-property name="id">
                <column name="id"/>
                <type name="long">
                    <param name="org.hibernate.type.ParameterType.primaryKey">false</param>
                    <param name="org.hibernate.type.ParameterType.dynamic">true</param>
                    <param name="org.hibernate.type.ParameterType.returnedClass">java.lang.Long</param>
                    <param name="org.hibernate.type.ParameterType.accessType">field</param>
                    <param name="org.hibernate.type.ParameterType.entityClass">com.utn.apiRest.entidades.Libro</param>
                    <param name="org.hibernate.type.ParameterType.propertyName">id</param>
                </type>
            </key-property>
            <key-many-to-one class="org.hibernate.envers.DefaultRevisionEntity" name="REV">
                <column name="REV"/>
            </key-many-to-one>
        </composite-id>
        <property insert="true" name="REVTYPE" type="org.hibernate.envers.internal.entities.RevisionTypeType" update="false"/>
        <property insert="true" name="fecha" type="integer" update="false">
            <column length="255" name="fecha"/>
        </property>
        <property insert="true" name="genero" update="false">
            <column length="255" name="genero"/>
            <type name="string">
                <param name="org.hibernate.type.ParameterType.primaryKey">false</param>
                <param name="org.hibernate.type.ParameterType.dynamic">true</param>
                <param name="org.hibernate.type.ParameterType.returnedClass">java.lang.String</param>
                <param name="org.hibernate.type.ParameterType.accessType">field</param>
                <param name="org.hibernate.type.ParameterType.entityClass">com.utn.apiRest.entidades.Libro</param>
                <param name="org.hibernate.type.ParameterType.propertyName">genero</param>
            </type>
        </property>
        <property insert="true" name="pagina" type="integer" update="false">
            <column length="255" name="pagina"/>
        </property>
        <property insert="true" name="titulo" update="false">
            <column length="255" name="titulo"/>
            <type name="string">
                <param name="org.hibernate.type.ParameterType.primaryKey">false</param>
                <param name="org.hibernate.type.ParameterType.dynamic">true</param>
                <param name="org.hibernate.type.ParameterType.returnedClass">java.lang.String</param>
                <param name="org.hibernate.type.ParameterType.accessType">field</param>
                <param name="org.hibernate.type.ParameterType.entityClass">com.utn.apiRest.entidades.Libro</param>
                <param name="org.hibernate.type.ParameterType.propertyName">titulo</param>
            </type>
        </property>
    </class>
</hibernate-mapping>

2023-10-04T18:14:28.813-03:00  INFO 12772 --- [    Test worker] .e.b.i.AdditionalJaxbMappingProducerImpl : Adding JAXB document mapping
2023-10-04T18:14:29.048-03:00  INFO 12772 --- [    Test worker] org.hibernate.envers.boot                : HHH90005601: Envers-generated HBM mapping...
<?xml version="1.0" encoding="UTF-8" standalone="yes"?>
<hibernate-mapping xmlns="http://www.hibernate.org/xsd/orm/hbm">
    <class table="libro_autores_AUD" entity-name="libro_autores_AUD">
        <composite-id name="originalId">
            <key-many-to-one class="org.hibernate.envers.DefaultRevisionEntity" name="REV">
                <column name="REV"/>
            </key-many-to-one>
            <key-property name="Libro_id">
                <column name="libro_id"/>
                <type name="long">
                    <param name="org.hibernate.type.ParameterType.primaryKey">false</param>
                    <param name="org.hibernate.type.ParameterType.dynamic">true</param>
                    <param name="org.hibernate.type.ParameterType.returnedClass">java.lang.Long</param>
                    <param name="org.hibernate.type.ParameterType.accessType">field</param>
                    <param name="org.hibernate.type.ParameterType.entityClass">com.utn.apiRest.entidades.Libro</param>
                    <param name="org.hibernate.type.ParameterType.propertyName">id</param>
                </type>
            </key-property>
            <key-property name="autores_id">
                <column name="autores_id"/>
                <type name="long">
                    <param name="org.hibernate.type.ParameterType.primaryKey">false</param>
                    <param name="org.hibernate.type.ParameterType.dynamic">true</param>
                    <param name="org.hibernate.type.ParameterType.returnedClass">java.lang.Long</param>
                    <param name="org.hibernate.type.ParameterType.accessType">field</param>
                    <param name="org.hibernate.type.ParameterType.entityClass">com.utn.apiRest.entidades.Autor</param>
                    <param name="org.hibernate.type.ParameterType.propertyName">id</param>
                </type>
            </key-property>
        </composite-id>
        <property insert="true" name="REVTYPE" type="org.hibernate.envers.internal.entities.RevisionTypeType" update="false"/>
    </class>
</hibernate-mapping>

2023-10-04T18:14:29.054-03:00  INFO 12772 --- [    Test worker] .e.b.i.AdditionalJaxbMappingProducerImpl : Adding JAXB document mapping
2023-10-04T18:14:29.197-03:00  INFO 12772 --- [    Test worker] org.hibernate.envers.boot                : HHH90005601: Envers-generated HBM mapping...
<?xml version="1.0" encoding="UTF-8" standalone="yes"?>
<hibernate-mapping auto-import="false" xmlns="http://www.hibernate.org/xsd/orm/hbm">
    <class discriminator-value="Domicilio" table="domicilio_AUD" entity-name="com.utn.apiRest.entidades.Domicilio_AUD" abstract="false">
        <composite-id name="originalId">
            <key-property name="id">
                <column name="id"/>
                <type name="long">
                    <param name="org.hibernate.type.ParameterType.primaryKey">false</param>
                    <param name="org.hibernate.type.ParameterType.dynamic">true</param>
                    <param name="org.hibernate.type.ParameterType.returnedClass">java.lang.Long</param>
                    <param name="org.hibernate.type.ParameterType.accessType">field</param>
                    <param name="org.hibernate.type.ParameterType.entityClass">com.utn.apiRest.entidades.Domicilio</param>
                    <param name="org.hibernate.type.ParameterType.propertyName">id</param>
                </type>
            </key-property>
            <key-many-to-one class="org.hibernate.envers.DefaultRevisionEntity" name="REV">
                <column name="REV"/>
            </key-many-to-one>
        </composite-id>
        <property insert="true" name="REVTYPE" type="org.hibernate.envers.internal.entities.RevisionTypeType" update="false"/>
        <property insert="true" name="calle" update="false">
            <column length="255" name="calle"/>
            <type name="string">
                <param name="org.hibernate.type.ParameterType.primaryKey">false</param>
                <param name="org.hibernate.type.ParameterType.dynamic">true</param>
                <param name="org.hibernate.type.ParameterType.returnedClass">java.lang.String</param>
                <param name="org.hibernate.type.ParameterType.accessType">field</param>
                <param name="org.hibernate.type.ParameterType.entityClass">com.utn.apiRest.entidades.Domicilio</param>
                <param name="org.hibernate.type.ParameterType.propertyName">calle</param>
            </type>
        </property>
        <property insert="true" name="numero" type="integer" update="false">
            <column length="255" name="numero"/>
        </property>
        <property insert="true" name="localidad_id" update="false">
            <column name="fk_localidad"/>
            <type name="long">
                <param name="org.hibernate.type.ParameterType.primaryKey">false</param>
                <param name="org.hibernate.type.ParameterType.dynamic">true</param>
                <param name="org.hibernate.type.ParameterType.returnedClass">java.lang.Long</param>
                <param name="org.hibernate.type.ParameterType.accessType">field</param>
                <param name="org.hibernate.type.ParameterType.entityClass">com.utn.apiRest.entidades.Localidad</param>
                <param name="org.hibernate.type.ParameterType.propertyName">id</param>
            </type>
        </property>
    </class>
</hibernate-mapping>

2023-10-04T18:14:29.204-03:00  INFO 12772 --- [    Test worker] .e.b.i.AdditionalJaxbMappingProducerImpl : Adding JAXB document mapping
2023-10-04T18:14:29.313-03:00  INFO 12772 --- [    Test worker] org.hibernate.envers.boot                : HHH90005601: Envers-generated HBM mapping...
<?xml version="1.0" encoding="UTF-8" standalone="yes"?>
<hibernate-mapping auto-import="false" xmlns="http://www.hibernate.org/xsd/orm/hbm">
    <class discriminator-value="Localidad" table="localidad_AUD" entity-name="com.utn.apiRest.entidades.Localidad_AUD" abstract="false">
        <composite-id name="originalId">
            <key-property name="id">
                <column name="id"/>
                <type name="long">
                    <param name="org.hibernate.type.ParameterType.primaryKey">false</param>
                    <param name="org.hibernate.type.ParameterType.dynamic">true</param>
                    <param name="org.hibernate.type.ParameterType.returnedClass">java.lang.Long</param>
                    <param name="org.hibernate.type.ParameterType.accessType">field</param>
                    <param name="org.hibernate.type.ParameterType.entityClass">com.utn.apiRest.entidades.Localidad</param>
                    <param name="org.hibernate.type.ParameterType.propertyName">id</param>
                </type>
            </key-property>
            <key-many-to-one class="org.hibernate.envers.DefaultRevisionEntity" name="REV">
                <column name="REV"/>
            </key-many-to-one>
        </composite-id>
        <property insert="true" name="REVTYPE" type="org.hibernate.envers.internal.entities.RevisionTypeType" update="false"/>
        <property insert="true" name="denominacion" update="false">
            <column length="255" name="denominacion"/>
            <type name="string">
                <param name="org.hibernate.type.ParameterType.primaryKey">false</param>
                <param name="org.hibernate.type.ParameterType.dynamic">true</param>
                <param name="org.hibernate.type.ParameterType.returnedClass">java.lang.String</param>
                <param name="org.hibernate.type.ParameterType.accessType">field</param>
                <param name="org.hibernate.type.ParameterType.entityClass">com.utn.apiRest.entidades.Localidad</param>
                <param name="org.hibernate.type.ParameterType.propertyName">denominacion</param>
            </type>
        </property>
    </class>
</hibernate-mapping>

2023-10-04T18:14:29.323-03:00  INFO 12772 --- [    Test worker] .e.b.i.AdditionalJaxbMappingProducerImpl : Adding JAXB document mapping
2023-10-04T18:14:29.421-03:00  INFO 12772 --- [    Test worker] org.hibernate.envers.boot                : HHH90005601: Envers-generated HBM mapping...
<?xml version="1.0" encoding="UTF-8" standalone="yes"?>
<hibernate-mapping auto-import="false" xmlns="http://www.hibernate.org/xsd/orm/hbm">
    <class discriminator-value="Persona" table="persona_AUD" entity-name="com.utn.apiRest.entidades.Persona_AUD" abstract="false">
        <composite-id name="originalId">
            <key-property name="id">
                <column name="id"/>
                <type name="long">
                    <param name="org.hibernate.type.ParameterType.primaryKey">false</param>
                    <param name="org.hibernate.type.ParameterType.dynamic">true</param>
                    <param name="org.hibernate.type.ParameterType.returnedClass">java.lang.Long</param>
                    <param name="org.hibernate.type.ParameterType.accessType">field</param>
                    <param name="org.hibernate.type.ParameterType.entityClass">com.utn.apiRest.entidades.Persona</param>
                    <param name="org.hibernate.type.ParameterType.propertyName">id</param>
                </type>
            </key-property>
            <key-many-to-one class="org.hibernate.envers.DefaultRevisionEntity" name="REV">
                <column name="REV"/>
            </key-many-to-one>
        </composite-id>
        <property insert="true" name="REVTYPE" type="org.hibernate.envers.internal.entities.RevisionTypeType" update="false"/>
        <property insert="true" name="apellido" update="false">
            <column length="255" name="apellido"/>
            <type name="string">
                <param name="org.hibernate.type.ParameterType.primaryKey">false</param>
                <param name="org.hibernate.type.ParameterType.dynamic">true</param>
                <param name="org.hibernate.type.ParameterType.returnedClass">java.lang.String</param>
                <param name="org.hibernate.type.ParameterType.accessType">field</param>
                <param name="org.hibernate.type.ParameterType.entityClass">com.utn.apiRest.entidades.Persona</param>
                <param name="org.hibernate.type.ParameterType.propertyName">apellido</param>
            </type>
        </property>
        <property insert="true" name="dni" type="integer" update="false">
            <column length="255" name="dni"/>
        </property>
        <property insert="true" name="nombre" update="false">
            <column length="255" name="nombre"/>
            <type name="string">
                <param name="org.hibernate.type.ParameterType.primaryKey">false</param>
                <param name="org.hibernate.type.ParameterType.dynamic">true</param>
                <param name="org.hibernate.type.ParameterType.returnedClass">java.lang.String</param>
                <param name="org.hibernate.type.ParameterType.accessType">field</param>
                <param name="org.hibernate.type.ParameterType.entityClass">com.utn.apiRest.entidades.Persona</param>
                <param name="org.hibernate.type.ParameterType.propertyName">nombre</param>
            </type>
        </property>
        <property insert="true" name="domicilio_id" update="false">
            <column name="fk_domicilio"/>
            <type name="long">
                <param name="org.hibernate.type.ParameterType.primaryKey">false</param>
                <param name="org.hibernate.type.ParameterType.dynamic">true</param>
                <param name="org.hibernate.type.ParameterType.returnedClass">java.lang.Long</param>
                <param name="org.hibernate.type.ParameterType.accessType">field</param>
                <param name="org.hibernate.type.ParameterType.entityClass">com.utn.apiRest.entidades.Domicilio</param>
                <param name="org.hibernate.type.ParameterType.propertyName">id</param>
            </type>
        </property>
    </class>
</hibernate-mapping>

2023-10-04T18:14:29.441-03:00  INFO 12772 --- [    Test worker] .e.b.i.AdditionalJaxbMappingProducerImpl : Adding JAXB document mapping
2023-10-04T18:14:29.542-03:00  INFO 12772 --- [    Test worker] org.hibernate.envers.boot                : HHH90005601: Envers-generated HBM mapping...
<?xml version="1.0" encoding="UTF-8" standalone="yes"?>
<hibernate-mapping xmlns="http://www.hibernate.org/xsd/orm/hbm">
    <class table="persona_libros_AUD" entity-name="persona_libros_AUD">
        <composite-id name="originalId">
            <key-many-to-one class="org.hibernate.envers.DefaultRevisionEntity" name="REV">
                <column name="REV"/>
            </key-many-to-one>
            <key-property name="Persona_id">
                <column name="persona_id"/>
                <type name="long">
                    <param name="org.hibernate.type.ParameterType.primaryKey">false</param>
                    <param name="org.hibernate.type.ParameterType.dynamic">true</param>
                    <param name="org.hibernate.type.ParameterType.returnedClass">java.lang.Long</param>
                    <param name="org.hibernate.type.ParameterType.accessType">field</param>
                    <param name="org.hibernate.type.ParameterType.entityClass">com.utn.apiRest.entidades.Persona</param>
                    <param name="org.hibernate.type.ParameterType.propertyName">id</param>
                </type>
            </key-property>
            <key-property name="libros_id">
                <column name="libro_id"/>
                <type name="long">
                    <param name="org.hibernate.type.ParameterType.primaryKey">false</param>
                    <param name="org.hibernate.type.ParameterType.dynamic">true</param>
                    <param name="org.hibernate.type.ParameterType.returnedClass">java.lang.Long</param>
                    <param name="org.hibernate.type.ParameterType.accessType">field</param>
                    <param name="org.hibernate.type.ParameterType.entityClass">com.utn.apiRest.entidades.Libro</param>
                    <param name="org.hibernate.type.ParameterType.propertyName">id</param>
                </type>
            </key-property>
        </composite-id>
        <property insert="true" name="REVTYPE" type="org.hibernate.envers.internal.entities.RevisionTypeType" update="false"/>
    </class>
</hibernate-mapping>

2023-10-04T18:14:29.546-03:00  INFO 12772 --- [    Test worker] .e.b.i.AdditionalJaxbMappingProducerImpl : Adding JAXB document mapping
2023-10-04T18:14:29.720-03:00  INFO 12772 --- [    Test worker] org.hibernate.envers.boot                : HHH90005601: Envers-generated HBM mapping...
<?xml version="1.0" encoding="UTF-8" standalone="yes"?>
<hibernate-mapping auto-import="false" xmlns="http://www.hibernate.org/xsd/orm/hbm">
    <class discriminator-value="Autor" table="autor_AUD" entity-name="com.utn.apiRest.entidades.Autor_AUD" abstract="false">
        <composite-id name="originalId">
            <key-property name="id">
                <column name="id"/>
                <type name="long">
                    <param name="org.hibernate.type.ParameterType.primaryKey">false</param>
                    <param name="org.hibernate.type.ParameterType.dynamic">true</param>
                    <param name="org.hibernate.type.ParameterType.returnedClass">java.lang.Long</param>
                    <param name="org.hibernate.type.ParameterType.accessType">field</param>
                    <param name="org.hibernate.type.ParameterType.entityClass">com.utn.apiRest.entidades.Autor</param>
                    <param name="org.hibernate.type.ParameterType.propertyName">id</param>
                </type>
            </key-property>
            <key-many-to-one class="org.hibernate.envers.DefaultRevisionEntity" name="REV">
                <column name="REV"/>
            </key-many-to-one>
        </composite-id>
        <property insert="true" name="REVTYPE" type="org.hibernate.envers.internal.entities.RevisionTypeType" update="false"/>
        <property insert="true" name="apellido" update="false">
            <column length="255" name="apellido"/>
            <type name="string">
                <param name="org.hibernate.type.ParameterType.primaryKey">false</param>
                <param name="org.hibernate.type.ParameterType.dynamic">true</param>
                <param name="org.hibernate.type.ParameterType.returnedClass">java.lang.String</param>
                <param name="org.hibernate.type.ParameterType.accessType">field</param>
                <param name="org.hibernate.type.ParameterType.entityClass">com.utn.apiRest.entidades.Autor</param>
                <param name="org.hibernate.type.ParameterType.propertyName">apellido</param>
            </type>
        </property>
        <property insert="true" name="biografia" update="false">
            <column length="1500" name="biografia"/>
            <type name="string">
                <param name="org.hibernate.type.ParameterType.primaryKey">false</param>
                <param name="org.hibernate.type.ParameterType.dynamic">true</param>
                <param name="org.hibernate.type.ParameterType.returnedClass">java.lang.String</param>
                <param name="org.hibernate.type.ParameterType.accessType">field</param>
                <param name="org.hibernate.type.ParameterType.entityClass">com.utn.apiRest.entidades.Autor</param>
                <param name="org.hibernate.type.ParameterType.propertyName">biografia</param>
            </type>
        </property>
        <property insert="true" name="nombre" update="false">
            <column length="255" name="nombre"/>
            <type name="string">
                <param name="org.hibernate.type.ParameterType.primaryKey">false</param>
                <param name="org.hibernate.type.ParameterType.dynamic">true</param>
                <param name="org.hibernate.type.ParameterType.returnedClass">java.lang.String</param>
                <param name="org.hibernate.type.ParameterType.accessType">field</param>
                <param name="org.hibernate.type.ParameterType.entityClass">com.utn.apiRest.entidades.Autor</param>
                <param name="org.hibernate.type.ParameterType.propertyName">nombre</param>
            </type>
        </property>
    </class>
</hibernate-mapping>

2023-10-04T18:14:29.723-03:00  INFO 12772 --- [    Test worker] .e.b.i.AdditionalJaxbMappingProducerImpl : Adding JAXB document mapping
2023-10-04T18:14:29.855-03:00  INFO 12772 --- [    Test worker] org.hibernate.envers.boot                : HHH90005601: Envers-generated HBM mapping...
<?xml version="1.0" encoding="UTF-8" standalone="yes"?>
<hibernate-mapping auto-import="false" xmlns="http://www.hibernate.org/xsd/orm/hbm">
    <class table="REVINFO" name="org.hibernate.envers.DefaultRevisionEntity" entity-name="org.hibernate.envers.DefaultRevisionEntity">
        <id name="id" type="integer">
            <column name="REV"/>
            <generator class="native"/>
        </id>
        <property insert="true" name="timestamp" type="long" update="false">
            <column name="REVTSTMP"/>
        </property>
    </class>
</hibernate-mapping>

2023-10-04T18:14:29.991-03:00  INFO 12772 --- [    Test worker] o.h.b.i.BytecodeProviderInitiator        : HHH000021: Bytecode provider name : bytebuddy
2023-10-04T18:14:31.604-03:00  INFO 12772 --- [    Test worker] o.h.e.t.j.p.i.JtaPlatformInitiator       : HHH000490: Using JtaPlatform implementation: [org.hibernate.engine.transaction.jta.platform.internal.NoJtaPlatform]
Hibernate: create table autor (id bigint generated by default as identity, apellido varchar(255), biografia varchar(1500), nombre varchar(255), primary key (id))
Hibernate: create table autor_aud (id bigint not null, rev integer not null, revtype tinyint, apellido varchar(255), biografia varchar(1500), nombre varchar(255), primary key (rev, id))
Hibernate: create table domicilio (id bigint generated by default as identity, calle varchar(255), numero integer, fk_localidad bigint not null, primary key (id))
Hibernate: create table domicilio_aud (id bigint not null, rev integer not null, revtype tinyint, calle varchar(255), numero integer, fk_localidad bigint, primary key (rev, id))
Hibernate: create table libro (id bigint generated by default as identity, fecha integer, genero varchar(255), pagina integer, titulo varchar(255), primary key (id))
Hibernate: create table libro_aud (id bigint not null, rev integer not null, revtype tinyint, fecha integer, genero varchar(255), pagina integer, titulo varchar(255), primary key (rev, id))
Hibernate: create table libro_autores (libro_id bigint not null, autores_id bigint not null)
Hibernate: create table libro_autores_aud (rev integer not null, libro_id bigint not null, autores_id bigint not null, revtype tinyint, primary key (libro_id, rev, autores_id))
Hibernate: create table localidad (id bigint generated by default as identity, denominacion varchar(255), primary key (id))
Hibernate: create table localidad_aud (id bigint not null, rev integer not null, revtype tinyint, denominacion varchar(255), primary key (rev, id))
Hibernate: create table persona (id bigint generated by default as identity, apellido varchar(255), dni integer, nombre varchar(255), fk_domicilio bigint, primary key (id))
Hibernate: create table persona_aud (id bigint not null, rev integer not null, revtype tinyint, apellido varchar(255), dni integer, nombre varchar(255), fk_domicilio bigint, primary key (rev, id))
Hibernate: create table persona_libros (persona_id bigint not null, libro_id bigint not null)
Hibernate: create table persona_libros_aud (rev integer not null, persona_id bigint not null, libro_id bigint not null, revtype tinyint, primary key (persona_id, rev, libro_id))
Hibernate: create table revinfo (rev integer generated by default as identity, revtstmp bigint, primary key (rev))
Hibernate: alter table if exists persona drop constraint if exists UK_tf82o8p6mim2vdcl7kh56jltw
Hibernate: alter table if exists persona add constraint UK_tf82o8p6mim2vdcl7kh56jltw unique (fk_domicilio)
Hibernate: alter table if exists persona_libros drop constraint if exists UK_o5x8wiagsegbvt9lye6ed14i2
Hibernate: alter table if exists persona_libros add constraint UK_o5x8wiagsegbvt9lye6ed14i2 unique (libro_id)
Hibernate: alter table if exists autor_aud add constraint FK66yvqmj8a83bdemls51f1i88q foreign key (rev) references revinfo
Hibernate: alter table if exists domicilio add constraint FKsq48s35e5o185ajo3mloiqxjk foreign key (fk_localidad) references localidad
Hibernate: alter table if exists domicilio_aud add constraint FKm79veimsf377b9nya4vq2m6ni foreign key (rev) references revinfo
Hibernate: alter table if exists libro_aud add constraint FKrb8yl5fa520c2sh8kmevqca5e foreign key (rev) references revinfo
Hibernate: alter table if exists libro_autores add constraint FK4n6u17jdtrjai8yitxsmm7tly foreign key (autores_id) references autor
Hibernate: alter table if exists libro_autores add constraint FKsoheqe18ertlksjno9y33x0am foreign key (libro_id) references libro
Hibernate: alter table if exists libro_autores_aud add constraint FKm7nhrof2ybxa1bw3bw5w4ml96 foreign key (rev) references revinfo
Hibernate: alter table if exists localidad_aud add constraint FKoh2ef345ybtdbdu0iogiwjdp3 foreign key (rev) references revinfo
Hibernate: alter table if exists persona add constraint FKdvcd83wmvj0mwmbu3kyoisobn foreign key (fk_domicilio) references domicilio
Hibernate: alter table if exists persona_aud add constraint FKpxigs3r1ey298w0hrbvh55ple foreign key (rev) references revinfo
Hibernate: alter table if exists persona_libros add constraint FKio4v3ijdv9kqjixfsa9qjh598 foreign key (libro_id) references libro
Hibernate: alter table if exists persona_libros add constraint FKdqdk61jgooveprvisgv6nxanf foreign key (persona_id) references persona
Hibernate: alter table if exists persona_libros_aud add constraint FKixtqrrvg1f8785mwjcqjl06f5 foreign key (rev) references revinfo
2023-10-04T18:14:31.809-03:00  INFO 12772 --- [    Test worker] j.LocalContainerEntityManagerFactoryBean : Initialized JPA EntityManagerFactory for persistence unit 'default'
2023-10-04T18:14:33.401-03:00  WARN 12772 --- [    Test worker] JpaBaseConfiguration$JpaWebConfiguration : spring.jpa.open-in-view is enabled by default. Therefore, database queries may be performed during view rendering. Explicitly configure spring.jpa.open-in-view to disable this warning
2023-10-04T18:14:35.326-03:00  INFO 12772 --- [    Test worker] o.s.b.a.h2.H2ConsoleAutoConfiguration    : H2 console available at '/h2-console'. Database available at 'jdbc:h2:mem:./betodb'
2023-10-04T18:14:35.480-03:00  INFO 12772 --- [    Test worker] c.utn.apiRest.ApiRestApplicationTests    : Started ApiRestApplicationTests in 12.929 seconds (process running for 16.13)
]]></system-out>
  <system-err><![CDATA[]]></system-err>
</testsuite>
